2024-11-24 19:04:54,329 - INFO - Запуск программы
2024-11-24 19:04:54,330 - INFO - Книги загружены из файла в библиотеку
2024-11-24 19:04:54,330 - INFO - Открытие основного меню
2024-11-24 19:04:57,416 - INFO - Открыто меню - Отображать все книги
2024-11-24 19:04:57,417 - ERROR - Библиотека пустая (надо скачать больше книг)
2024-11-24 19:04:57,417 - INFO - Открытие основного меню
2024-11-24 19:05:01,137 - INFO - Открыто меню - добавить книгу
2024-11-24 19:05:08,768 - ERROR - Неверный данные для добавления книги -  Ошибка ввода данных (пустые поля)
2024-11-24 19:05:08,768 - INFO - Открытие основного меню
2024-11-24 19:05:11,373 - INFO - Открыто меню - добавить книгу
2024-11-24 19:05:17,660 - ERROR - Неверный данные для добавления книги -  Ошибка ввода данных (пустые поля)
2024-11-24 19:05:17,661 - INFO - Открытие основного меню
2024-11-24 19:05:19,741 - INFO - Открыто меню - добавить книгу
2024-11-24 19:05:29,779 - ERROR - Неверный данные для добавления книги -  Год книги не может быть меньше '0' и больше текущего года: 2024
2024-11-24 19:05:29,780 - INFO - Открытие основного меню
2024-11-24 19:05:32,355 - INFO - Открыто меню - добавить книгу
2024-11-24 19:05:35,721 - ERROR - Ошибка меню -  invalid literal for int() with base 10: 'И'
2024-11-24 19:05:35,722 - INFO - Открытие основного меню
2024-11-24 19:05:43,195 - INFO - Открыто меню - добавить книгу
2024-11-24 19:06:07,224 - INFO - Книга успешна сохранена
2024-11-24 19:06:07,225 - INFO - Новая книга добавлена в библиотеку
2024-11-24 19:06:07,225 - INFO - Открытие основного меню
2024-11-24 19:06:09,057 - INFO - Открыто меню - Отображать все книги
2024-11-24 19:06:09,060 - INFO - Книги успешно отоброжены из библиотеки
2024-11-24 19:06:09,061 - INFO - Открытие основного меню
2024-11-24 19:06:18,887 - INFO - Пользователь нажал выход (программа завершает работу через 3 секунды)
